  Determining projects to restore...
  Restored /home/mouad/Documents/Epitech/Trinity/DevOps/backend/backend/backend.csproj (in 1.58 sec).
  Determining projects to restore...
  All projects are up-to-date for restore.
  Determining projects to restore...
  All projects are up-to-date for restore.
  Determining projects to restore...
/home/mouad/Documents/Epitech/Trinity/DevOps/backend/backend/Tests/Tests.csproj : error NU1605: Warning As Error: Detected package downgrade: NUnit from 4.2.2 to 3.13.3. Reference the package directly from the project to select a different version.  [/home/mouad/Documents/Epitech/Trinity/DevOps/backend/backend.sln]
/home/mouad/Documents/Epitech/Trinity/DevOps/backend/backend/Tests/Tests.csproj : error NU1605:  Tests -> backend -> NUnit (>= 4.2.2)  [/home/mouad/Documents/Epitech/Trinity/DevOps/backend/backend.sln]
/home/mouad/Documents/Epitech/Trinity/DevOps/backend/backend/Tests/Tests.csproj : error NU1605:  Tests -> NUnit (>= 3.13.3) [/home/mouad/Documents/Epitech/Trinity/DevOps/backend/backend.sln]
  Failed to restore /home/mouad/Documents/Epitech/Trinity/DevOps/backend/backend/Tests/Tests.csproj (in 7.16 sec).
  1 of 2 projects are up-to-date for restore.
  Determining projects to restore...
  Restored /home/mouad/Documents/Epitech/Trinity/DevOps/backend/backend/Tests/Tests.csproj (in 945 ms).
  1 of 2 projects are up-to-date for restore.
